[debug] [2020-09-01T09:12:00.658Z] ----------------------------------------------------------------------
[debug] [2020-09-01T09:12:00.660Z] Command:       F:\webdev\NodeJS\node.exe C:\Users\Giri\AppData\Roaming\npm\node_modules\firebase-tools\lib\bin\firebase.js init
[debug] [2020-09-01T09:12:00.660Z] CLI Version:   8.9.0
[debug] [2020-09-01T09:12:00.660Z] Platform:      win32
[debug] [2020-09-01T09:12:00.661Z] Node Version:  v12.18.3
[debug] [2020-09-01T09:12:00.661Z] Time:          Tue Sep 01 2020 14:42:00 GMT+0530 (India Standard Time)
[debug] [2020-09-01T09:12:00.662Z] ----------------------------------------------------------------------
[debug] [2020-09-01T09:12:00.662Z] 
[debug] [2020-09-01T09:12:00.668Z] > command requires scopes: ["email","openid","https://www.googleapis.com/auth/cloudplatformprojects.readonly","https://www.googleapis.com/auth/firebase","https://www.googleapis.com/auth/cloud-platform"]
[debug] [2020-09-01T09:12:00.668Z] > authorizing via signed-in user
[info] 
     ######## #### ########  ######## ########     ###     ######  ########
     ##        ##  ##     ## ##       ##     ##  ##   ##  ##       ##
     ######    ##  ########  ######   ########  #########  ######  ######
     ##        ##  ##    ##  ##       ##     ## ##     ##       ## ##
     ##       #### ##     ## ######## ########  ##     ##  ######  ########

You're about to initialize a Firebase project in this directory:

  F:\webdev\ReactJS projects\Youtube\youtube-clone

Before we get started, keep in mind:

  * You are initializing in an existing Firebase project directory

[info] 
=== Project Setup
[info] 
[info] First, let's associate this project directory with a Firebase project.
[info] You can create multiple project aliases by running firebase use --add, 
[info] but for now we'll just set up a default project.
[info] 
[info] i  .firebaserc already has a default project, using clone-562cf. 
[debug] [2020-09-01T09:12:05.576Z] >>> HTTP REQUEST GET https://firebase.googleapis.com/v1beta1/projects/clone-562cf  
 
[debug] [2020-09-01T09:12:07.264Z] <<< HTTP RESPONSE 200 {"content-type":"application/json; charset=UTF-8","vary":"X-Origin, Referer, Origin,Accept-Encoding","date":"Tue, 01 Sep 2020 09:12:07 GMT","server":"ESF","cache-control":"private","x-xss-protection":"0","x-frame-options":"SAMEORIGIN","x-content-type-options":"nosniff","alt-svc":"h3-29=\":443\"; ma=2592000,h3-27=\":443\"; ma=2592000,h3-T051=\":443\"; ma=2592000,h3-T050=\":443\"; ma=2592000,h3-Q050=\":443\"; ma=2592000,h3-Q046=\":443\"; ma=2592000,h3-Q043=\":443\"; ma=2592000,quic=\":443\"; ma=2592000; v=\"46,43\"","accept-ranges":"none","transfer-encoding":"chunked"}
[info] 
=== Hosting Setup
[info] 
[info] Your public directory is the folder (relative to your project directory) that
[info] will contain Hosting assets to be uploaded with firebase deploy. If you
[info] have a build process for your assets, use your build's output directory.
[info] 
[debug] [2020-09-01T09:12:37.401Z] >>> HTTP REQUEST GET https://www.gstatic.com/firebasejs/releases.json  
 
[debug] [2020-09-01T09:13:19.453Z] Error: connect ETIMEDOUT 216.58.196.163:443
    at TCPConnectWrap.afterConnect [as oncomplete] (net.js:1141:16)
[error] 
[error] Error: Server Error. connect ETIMEDOUT 216.58.196.163:443
[debug] [2020-09-01T09:13:46.495Z] ----------------------------------------------------------------------
[debug] [2020-09-01T09:13:46.497Z] Command:       F:\webdev\NodeJS\node.exe C:\Users\Giri\AppData\Roaming\npm\node_modules\firebase-tools\lib\bin\firebase.js use --add
[debug] [2020-09-01T09:13:46.498Z] CLI Version:   8.9.0
[debug] [2020-09-01T09:13:46.498Z] Platform:      win32
[debug] [2020-09-01T09:13:46.498Z] Node Version:  v12.18.3
[debug] [2020-09-01T09:13:46.499Z] Time:          Tue Sep 01 2020 14:43:46 GMT+0530 (India Standard Time)
[debug] [2020-09-01T09:13:46.499Z] ----------------------------------------------------------------------
[debug] [2020-09-01T09:13:46.499Z] 
[debug] [2020-09-01T09:13:46.507Z] > command requires scopes: ["email","openid","https://www.googleapis.com/auth/cloudplatformprojects.readonly","https://www.googleapis.com/auth/firebase","https://www.googleapis.com/auth/cloud-platform"]
[debug] [2020-09-01T09:13:46.507Z] > authorizing via signed-in user
[debug] [2020-09-01T09:13:46.512Z] >>> HTTP REQUEST GET https://firebase.googleapis.com/v1beta1/projects?pageSize=1000  
 
[debug] [2020-09-01T09:13:48.833Z] <<< HTTP RESPONSE 200 {"content-type":"application/json; charset=UTF-8","vary":"X-Origin, Referer, Origin,Accept-Encoding","date":"Tue, 01 Sep 2020 09:13:47 GMT","server":"ESF","cache-control":"private","x-xss-protection":"0","x-frame-options":"SAMEORIGIN","x-content-type-options":"nosniff","alt-svc":"h3-29=\":443\"; ma=2592000,h3-27=\":443\"; ma=2592000,h3-T051=\":443\"; ma=2592000,h3-T050=\":443\"; ma=2592000,h3-Q050=\":443\"; ma=2592000,h3-Q046=\":443\"; ma=2592000,h3-Q043=\":443\"; ma=2592000,quic=\":443\"; ma=2592000; v=\"46,43\"","accept-ranges":"none","transfer-encoding":"chunked"}
